<?xml version="1.0" encoding="UTF-8"?>
<!-- Generated by org.testng.reporters.JUnitReportReporter -->
<testsuite hostname="NAGASAI" failures="0" tests="1" name="Demo.TestNG" time="3.945" errors="0" timestamp="2025-08-14T08:47:33 IST" skipped="0">
  <testcase classname="Demo.TestNG" name="registerNewUser" time="3.945"/>
</testsuite> <!-- Demo.TestNG -->
