<?xml version="1.0" encoding="UTF-8"?>
<!-- Generated by org.testng.reporters.JUnitReportReporter -->
<testsuite hostname="NAGASAI" failures="0" tests="4" name="runner.TestRunner" time="20.146" errors="0" timestamp="2025-08-21T12:56:15 IST" skipped="0">
  <testcase classname="runner.TestRunner" name="runScenario" time="4.645"/>
  <testcase classname="runner.TestRunner" name="runScenario" time="3.849"/>
  <testcase classname="runner.TestRunner" name="runScenario" time="7.823"/>
  <testcase classname="runner.TestRunner" name="runScenario" time="3.829"/>
</testsuite> <!-- runner.TestRunner -->
